<?xml version="1.0" encoding="UTF-8"?>
<!-- Generated by org.testng.reporters.JUnitReportReporter -->
<testsuite hostname="DESKTOP-FJKUJ0F" name="smoketesting.AssetMenu.AddAssetsManually" tests="1" failures="0" timestamp="22 Jul 2020 17:08:52 GMT" time="57.057" errors="0">
  <testcase name="addAssetsManually" time="57.057" classname="smoketesting.AssetMenu.AddAssetsManually"/>
</testsuite> <!-- smoketesting.AssetMenu.AddAssetsManually -->
