<?xml version="1.0" encoding="UTF-8"?>
<!-- Generated by org.testng.reporters.JUnitReportReporter -->
<testsuite hostname="DESKTOP-FJKUJ0F" name="smoketesting.PlugIns.Plugins" tests="1" failures="0" timestamp="21 Jul 2020 16:31:38 GMT" time="145.013" errors="0">
  <testcase name="plugIns" time="145.013" classname="smoketesting.PlugIns.Plugins"/>
</testsuite> <!-- smoketesting.PlugIns.Plugins -->
